<?xml version="1.0" encoding="UTF-8"?>
<!-- Generated by org.testng.reporters.JUnitReportReporter -->
<testsuite hostname="DESKTOP-8RQD3QV" failures="0" tests="1" name="ForLoop.ForLoop" time="5.037" errors="0" timestamp="2024-03-06T13:52:54 EET" skipped="0">
  <testcase classname="ForLoop.ForLoop" name="MyTest" time="5.037"/>
  <system-out/>
</testsuite> <!-- ForLoop.ForLoop -->
